This is pdfTeX, Version 3.1415926-2.4-1.40.13 (TeX Live 2012/Debian) (format=pdflatex 2013.2.18)  18 APR 2013 17:00
entering extended mode
 restricted \write18 enabled.
 %&-line parsing enabled.
**chs17_Hide_and_Seek_Report.tex
(./chs17_Hide_and_Seek_Report.tex
LaTeX2e <2011/06/27>
Babel <v3.8m> and hyphenation patterns for english, dumylang, nohyphenation, lo
aded.
(/usr/share/texlive/texmf-dist/tex/latex/base/article.cls
Document Class: article 2007/10/19 v1.4h Standard LaTeX document class
(/usr/share/texlive/texmf-dist/tex/latex/base/size12.clo
File: size12.clo 2007/10/19 v1.4h Standard LaTeX file (size option)
)
\c@part=\count79
\c@section=\count80
\c@subsection=\count81
\c@subsubsection=\count82
\c@paragraph=\count83
\c@subparagraph=\count84
\c@figure=\count85
\c@table=\count86
\abovecaptionskip=\skip41
\belowcaptionskip=\skip42
\bibindent=\dimen102
)
(/usr/share/texlive/texmf-dist/tex/latex/preprint/fullpage.sty
Package: fullpage 1999/02/23 1.1 (PWD)
\FP@margin=\skip43
)
(/usr/share/texlive/texmf-dist/tex/latex/float/float.sty
Package: float 2001/11/08 v1.3d Float enhancements (AL)
\c@float@type=\count87
\float@exts=\toks14
\float@box=\box26
\@float@everytoks=\toks15
\@floatcapt=\box27
)
(/usr/share/texlive/texmf-dist/tex/latex/graphics/graphicx.sty
Package: graphicx 1999/02/16 v1.0f Enhanced LaTeX Graphics (DPC,SPQR)

(/usr/share/texlive/texmf-dist/tex/latex/graphics/keyval.sty
Package: keyval 1999/03/16 v1.13 key=value parser (DPC)
\KV@toks@=\toks16
)
(/usr/share/texlive/texmf-dist/tex/latex/graphics/graphics.sty
Package: graphics 2009/02/05 v1.0o Standard LaTeX Graphics (DPC,SPQR)

(/usr/share/texlive/texmf-dist/tex/latex/graphics/trig.sty
Package: trig 1999/03/16 v1.09 sin cos tan (DPC)
)
(/usr/share/texlive/texmf-dist/tex/latex/latexconfig/graphics.cfg
File: graphics.cfg 2010/04/23 v1.9 graphics configuration of TeX Live
)
Package graphics Info: Driver file: pdftex.def on input line 91.

(/usr/share/texlive/texmf-dist/tex/latex/pdftex-def/pdftex.def
File: pdftex.def 2011/05/27 v0.06d Graphics/color for pdfTeX

(/usr/share/texlive/texmf-dist/tex/generic/oberdiek/infwarerr.sty
Package: infwarerr 2010/04/08 v1.3 Providing info/warning/error messages (HO)
)
(/usr/share/texlive/texmf-dist/tex/generic/oberdiek/ltxcmds.sty
Package: ltxcmds 2011/11/09 v1.22 LaTeX kernel commands for general use (HO)
)
\Gread@gobject=\count88
))
\Gin@req@height=\dimen103
\Gin@req@width=\dimen104
)
(./chs17_Hide_and_Seek_Report.aux)
\openout1 = `chs17_Hide_and_Seek_Report.aux'.

LaTeX Font Info:    Checking defaults for OML/cmm/m/it on input line 6.
LaTeX Font Info:    ... okay on input line 6.
LaTeX Font Info:    Checking defaults for T1/cmr/m/n on input line 6.
LaTeX Font Info:    ... okay on input line 6.
LaTeX Font Info:    Checking defaults for OT1/cmr/m/n on input line 6.
LaTeX Font Info:    ... okay on input line 6.
LaTeX Font Info:    Checking defaults for OMS/cmsy/m/n on input line 6.
LaTeX Font Info:    ... okay on input line 6.
LaTeX Font Info:    Checking defaults for OMX/cmex/m/n on input line 6.
LaTeX Font Info:    ... okay on input line 6.
LaTeX Font Info:    Checking defaults for U/cmr/m/n on input line 6.
LaTeX Font Info:    ... okay on input line 6.

(/usr/share/texlive/texmf-dist/tex/context/base/supp-pdf.mkii
[Loading MPS to PDF converter (version 2006.09.02).]
\scratchcounter=\count89
\scratchdimen=\dimen105
\scratchbox=\box28
\nofMPsegments=\count90
\nofMParguments=\count91
\everyMPshowfont=\toks17
\MPscratchCnt=\count92
\MPscratchDim=\dimen106
\MPnumerator=\count93
\makeMPintoPDFobject=\count94
\everyMPtoPDFconversion=\toks18
) (/usr/share/texlive/texmf-dist/tex/generic/oberdiek/pdftexcmds.sty
Package: pdftexcmds 2011/11/29 v0.20 Utility functions of pdfTeX for LuaTeX (HO
)

(/usr/share/texlive/texmf-dist/tex/generic/oberdiek/ifluatex.sty
Package: ifluatex 2010/03/01 v1.3 Provides the ifluatex switch (HO)
Package ifluatex Info: LuaTeX not detected.
)
(/usr/share/texlive/texmf-dist/tex/generic/oberdiek/ifpdf.sty
Package: ifpdf 2011/01/30 v2.3 Provides the ifpdf switch (HO)
Package ifpdf Info: pdfTeX in PDF mode is detected.
)
Package pdftexcmds Info: LuaTeX not detected.
Package pdftexcmds Info: \pdf@primitive is available.
Package pdftexcmds Info: \pdf@ifprimitive is available.
Package pdftexcmds Info: \pdfdraftmode found.
)
(/usr/share/texlive/texmf-dist/tex/latex/oberdiek/epstopdf-base.sty
Package: epstopdf-base 2010/02/09 v2.5 Base part for package epstopdf

(/usr/share/texlive/texmf-dist/tex/latex/oberdiek/grfext.sty
Package: grfext 2010/08/19 v1.1 Manage graphics extensions (HO)

(/usr/share/texlive/texmf-dist/tex/generic/oberdiek/kvdefinekeys.sty
Package: kvdefinekeys 2011/04/07 v1.3 Define keys (HO)
))
(/usr/share/texlive/texmf-dist/tex/latex/oberdiek/kvoptions.sty
Package: kvoptions 2011/06/30 v3.11 Key value format for package options (HO)

(/usr/share/texlive/texmf-dist/tex/generic/oberdiek/kvsetkeys.sty
Package: kvsetkeys 2012/04/25 v1.16 Key value parser (HO)

(/usr/share/texlive/texmf-dist/tex/generic/oberdiek/etexcmds.sty
Package: etexcmds 2011/02/16 v1.5 Avoid name clashes with e-TeX commands (HO)
Package etexcmds Info: Could not find \expanded.
(etexcmds)             That can mean that you are not using pdfTeX 1.50 or
(etexcmds)             that some package has redefined \expanded.
(etexcmds)             In the latter case, load this package earlier.
)))
Package grfext Info: Graphics extension search list:
(grfext)             [.png,.pdf,.jpg,.mps,.jpeg,.jbig2,.jb2,.PNG,.PDF,.JPG,.JPE
G,.JBIG2,.JB2,.eps]
(grfext)             \AppendGraphicsExtensions on input line 452.

(/usr/share/texlive/texmf-dist/tex/latex/latexconfig/epstopdf-sys.cfg
File: epstopdf-sys.cfg 2010/07/13 v1.3 Configuration of (r)epstopdf for TeX Liv
e
))
LaTeX Font Info:    External font `cmex10' loaded for size
(Font)              <14.4> on input line 7.
LaTeX Font Info:    External font `cmex10' loaded for size
(Font)              <7> on input line 7.

[1

{/var/lib/texmf/fonts/map/pdftex/updmap/pdftex.map}]
(./chs17_Hide_and_Seek_Report.toc
LaTeX Font Info:    External font `cmex10' loaded for size
(Font)              <12> on input line 2.
LaTeX Font Info:    External font `cmex10' loaded for size
(Font)              <8> on input line 2.
LaTeX Font Info:    External font `cmex10' loaded for size
(Font)              <6> on input line 2.
)
\tf@toc=\write3
\openout3 = `chs17_Hide_and_Seek_Report.toc'.

 [2]
<DFS_SS.png, id=13, 427.5975pt x 200.24812pt>
File: DFS_SS.png Graphic file (type png)
 <use DFS_SS.png>
Package pdftex.def Info: DFS_SS.png used on input line 18.
(pdftex.def)             Requested size: 342.07846pt x 160.19872pt.

<Check_Finished_SS.png, id=14, 818.30719pt x 181.42781pt>
File: Check_Finished_SS.png Graphic file (type png)

<use Check_Finished_SS.png>
Package pdftex.def Info: Check_Finished_SS.png used on input line 26.
(pdftex.def)             Requested size: 450.07034pt x 99.7856pt.
 [3 <./DFS_SS.png> <./Check_Finished_SS.png>]
<Compare_Area_SS.png, id=18, 679.03688pt x 396.7322pt>
File: Compare_Area_SS.png Graphic file (type png)

<use Compare_Area_SS.png>
Package pdftex.def Info: Compare_Area_SS.png used on input line 37.
(pdftex.def)             Requested size: 441.36874pt x 257.87286pt.

<Attempt_Localisation_SS.png, id=19, 589.4522pt x 175.40532pt>
File: Attempt_Localisation_SS.png Graphic file (type png)

<use Attempt_Localisation_SS.png>
Package pdftex.def Info: Attempt_Localisation_SS.png used on input line 45.
(pdftex.def)             Requested size: 442.08806pt x 131.55365pt.
 [4 <./Compare_Area_SS.png>]
<Get_Hide_Location_SS.png, id=23, 742.27313pt x 137.7647pt>
File: Get_Hide_Location_SS.png Graphic file (type png)

<use Get_Hide_Location_SS.png>
Package pdftex.def Info: Get_Hide_Location_SS.png used on input line 53.
(pdftex.def)             Requested size: 445.36732pt x 82.65944pt.

<Find_Location_SS.png, id=24, 824.32968pt x 273.27094pt>
File: Find_Location_SS.png Graphic file (type png)

<use Find_Location_SS.png>
Package pdftex.def Info: Find_Location_SS.png used on input line 58.
(pdftex.def)             Requested size: 453.38272pt x 150.29947pt.
 [5 <./Attempt_Localisation_SS.png> <./Get_Hide_Location_SS.png> <./Find_Locati
on_SS.png>]
<Plot_Path_SS.png, id=28, 737.00343pt x 408.77719pt>
File: Plot_Path_SS.png Graphic file (type png)
 <use Plot_Path_SS.png>
Package pdftex.def Info: Plot_Path_SS.png used on input line 66.
(pdftex.def)             Requested size: 442.20547pt x 245.2682pt.

<Detect_Anomaly_SS.png, id=29, 642.90187pt x 97.11281pt>
File: Detect_Anomaly_SS.png Graphic file (type png)

<use Detect_Anomaly_SS.png>
Package pdftex.def Info: Detect_Anomaly_SS.png used on input line 74.
(pdftex.def)             Requested size: 417.88126pt x 63.12257pt.
 [6 <./Plot_Path_SS.png> <./Detect_Anomaly_SS.png>]
<RunT1.png, id=33, 279.29344pt x 231.86626pt>
File: RunT1.png Graphic file (type png)
 <use RunT1.png>
Package pdftex.def Info: RunT1.png used on input line 102.
(pdftex.def)             Requested size: 279.29276pt x 231.86568pt.

<RunS1.png, id=34, 465.23813pt x 102.3825pt>
File: RunS1.png Graphic file (type png)
 <use RunS1.png>
Package pdftex.def Info: RunS1.png used on input line 107.
(pdftex.def)             Requested size: 418.71043pt x 92.14339pt.
 [7 <./RunT1.png>]
<RunT2.png, id=39, 230.36063pt x 191.21437pt>
File: RunT2.png Graphic file (type png)
 <use RunT2.png>
Package pdftex.def Info: RunT2.png used on input line 112.
(pdftex.def)             Requested size: 230.36005pt x 191.2139pt.

<RunS2.png, id=40, 467.49657pt x 199.49532pt>
File: RunS2.png Graphic file (type png)
 <use RunS2.png>
Package pdftex.def Info: RunS2.png used on input line 117.
(pdftex.def)             Requested size: 420.74303pt x 179.54411pt.

<RunT3.png, id=41, 232.61906pt x 448.67625pt>
File: RunT3.png Graphic file (type png)
 <use RunT3.png>
Package pdftex.def Info: RunT3.png used on input line 122.
(pdftex.def)             Requested size: 232.61848pt x 448.67516pt.
 [8 <./RunS1.png> <./RunT2.png> <./RunS2.png>] <RunS3.png, id=45, 280.04625pt x
 481.04718pt>
File: RunS3.png Graphic file (type png)

<use RunS3.png>
Package pdftex.def Info: RunS3.png used on input line 127.
(pdftex.def)             Requested size: 252.03928pt x 432.93846pt.
 [9 <./RunT3.png>]
<RunT4.png, id=49, 241.65282pt x 449.42906pt>
File: RunT4.png Graphic file (type png)
 <use RunT4.png>
Package pdftex.def Info: RunT4.png used on input line 132.
(pdftex.def)             Requested size: 241.65222pt x 449.42795pt.
 [10 <./RunS3.png>] <RunS4.png, id=53, 429.85594pt x 255.95625pt>
File: RunS4.png Graphic file (type png)
 <use RunS4.png>
Package pdftex.def Info: RunS4.png used on input line 137.
(pdftex.def)             Requested size: 386.86678pt x 230.35847pt.
 [11 <./RunT4.png>] <RunT5.png, id=57, 359.09157pt x 465.99094pt>
File: RunT5.png Graphic file (type png)
 <use RunT5.png>
Package pdftex.def Info: RunT5.png used on input line 142.
(pdftex.def)             Requested size: 359.09068pt x 465.98979pt.
 [12 <./RunS4.png>] <RunS5.png, id=61, 260.47313pt x 261.97874pt>
File: RunS5.png Graphic file (type png)
 <use RunS5.png>
Package pdftex.def Info: RunS5.png used on input line 147.
(pdftex.def)             Requested size: 234.42365pt x 235.77869pt.
 [13 <./RunT5.png>] <RealRunStart.png, id=66, 483.30562pt x 307.1475pt>
File: RealRunStart.png Graphic file (type png)

<use RealRunStart.png>
Package pdftex.def Info: RealRunStart.png used on input line 173.
(pdftex.def)             Requested size: 434.97104pt x 276.43019pt.
 [14 <./RunS5.png>]
<RealRunT1.png, id=70, 201.75375pt x 149.05687pt>
File: RealRunT1.png Graphic file (type png)
 <use RealRunT1.png>
Package pdftex.def Info: RealRunT1.png used on input line 178.
(pdftex.def)             Requested size: 201.75325pt x 149.0565pt.

<RealS1.jpg, id=71, 3276.24pt x 2457.18pt>
File: RealS1.jpg Graphic file (type jpg)
 <use RealS1.jpg>
Package pdftex.def Info: RealS1.jpg used on input line 183.
(pdftex.def)             Requested size: 425.92616pt x 319.44461pt.
 [15 <./RealRunStart.png> <./RealRunT1.png>] <RealRunT2.png, id=75, 188.20313pt
 x 170.88844pt>
File: RealRunT2.png Graphic file (type png)

<use RealRunT2.png>
Package pdftex.def Info: RealRunT2.png used on input line 188.
(pdftex.def)             Requested size: 188.20265pt x 170.88802pt.
 <RealS2.jpg, id=76, 3276.24pt x 2457.18pt>
File: RealS2.jpg Graphic file (type jpg)

<use RealS2.jpg>
Package pdftex.def Info: RealS2.jpg used on input line 193.
(pdftex.def)             Requested size: 425.92616pt x 319.44461pt.
 [16 <./RealS1.jpg> <./RealRunT2.png>]
<RealRunT3.png, id=80, 182.18062pt x 170.13562pt>
File: RealRunT3.png Graphic file (type png)
 <use RealRunT3.png>
Package pdftex.def Info: RealRunT3.png used on input line 198.
(pdftex.def)             Requested size: 182.18016pt x 170.1352pt.

<RealS3.jpg, id=81, 3276.24pt x 2457.18pt>
File: RealS3.jpg Graphic file (type jpg)
 <use RealS3.jpg>
Package pdftex.def Info: RealS3.jpg used on input line 203.
(pdftex.def)             Requested size: 425.92616pt x 319.44461pt.
 [17 <./RealS2.jpg> <./RealRunT3.png>] <RealRunT4.png, id=85, 182.93344pt x 182
.93344pt>
File: RealRunT4.png Graphic file (type png)

<use RealRunT4.png>
Package pdftex.def Info: RealRunT4.png used on input line 208.
(pdftex.def)             Requested size: 182.93298pt x 182.93298pt.
 <RealS4.jpg, id=86, 3276.24pt x 2457.18pt>
File: RealS4.jpg Graphic file (type jpg)

<use RealS4.jpg>
Package pdftex.def Info: RealS4.jpg used on input line 213.
(pdftex.def)             Requested size: 425.92616pt x 319.44461pt.
 [18 <./RealS3.jpg> <./RealRunT4.png>]
<RealRunT5.png, id=90, 282.30469pt x 304.88907pt>
File: RealRunT5.png Graphic file (type png)
 <use RealRunT5.png>
Package pdftex.def Info: RealRunT5.png used on input line 218.
(pdftex.def)             Requested size: 282.30399pt x 304.88832pt.
 [19 <./RealS4.jpg>] <RealS5.jpg, id=95, 3276.24pt x 2457.18pt>
File: RealS5.jpg Graphic file (type jpg)
 <use RealS5.jpg>
Package pdftex.def Info: RealS5.jpg used on input line 223.
(pdftex.def)             Requested size: 425.92616pt x 319.44461pt.
 [20 <./RealRunT5.png>] [21 <./RealS5.jpg>] [22] [23] (./chs17_Hide_and_Seek_Re
port.aux) ) 
Here is how much of TeX's memory you used:
 1724 strings out of 495059
 25099 string characters out of 3182030
 76738 words of memory out of 3000000
 4876 multiletter control sequences out of 15000+200000
 8977 words of font info for 32 fonts, out of 3000000 for 9000
 14 hyphenation exceptions out of 8191
 37i,9n,23p,837b,236s stack positions out of 5000i,500n,10000p,200000b,50000s
</usr/share/texlive/texmf-dist/fonts/type1/public/amsfonts/cm/cmbx12
.pfb></usr/share/texlive/texmf-dist/fonts/type1/public/amsfonts/cm/cmr12.pfb></
usr/share/texlive/texmf-dist/fonts/type1/public/amsfonts/cm/cmr17.pfb></usr/sha
re/texlive/texmf-dist/fonts/type1/public/amsfonts/cm/cmtt12.pfb>
Output written on chs17_Hide_and_Seek_Report.pdf (23 pages, 4671358 bytes).
PDF statistics:
 123 PDF objects out of 1000 (max. 8388607)
 64 compressed objects within 1 object stream
 0 named destinations out of 1000 (max. 500000)
 146 words of extra memory for PDF output out of 10000 (max. 10000000)

